[0.144s] Invoking command in '/home/ngalacan/turtlebot4_ws/build/turtlebot4_description': CMAKE_PREFIX_PATH=/opt/ros/humble /usr/bin/cmake /home/ngalacan/turtlebot4_ws/src/turtlebot4/turtlebot4_description -DAMENT_CMAKE_SYMLINK_INSTALL=1 -DCMAKE_INSTALL_PREFIX=/home/ngalacan/turtlebot4_ws/install/turtlebot4_description
[0.238s] -- Found ament_cmake: 1.3.10 (/opt/ros/humble/share/ament_cmake/cmake)
[0.687s] -- Override CMake install command with custom implementation using symlinks instead of copying resources
[0.783s] -- Found urdf: 2.6.1 (/opt/ros/humble/share/urdf/cmake)
[0.909s] -- Configuring incomplete, errors occurred!
[0.909s] See also "/home/ngalacan/turtlebot4_ws/build/turtlebot4_description/CMakeFiles/CMakeOutput.log".
[0.918s] [31mCMake Error at CMakeLists.txt:21 (find_package):
[0.918s]   By not providing "Findirobot_create_description.cmake" in CMAKE_MODULE_PATH
[0.918s]   this project has asked CMake to find a package configuration file provided
[0.918s]   by "irobot_create_description", but CMake did not find one.
[0.918s] 
[0.918s]   Could not find a package configuration file provided by
[0.918s]   "irobot_create_description" with any of the following names:
[0.918s] 
[0.922s]     irobot_create_descriptionConfig.cmake
[0.922s]     irobot_create_description-config.cmake
[0.923s] 
[0.923s]   Add the installation prefix of "irobot_create_description" to
[0.923s]   CMAKE_PREFIX_PATH or set "irobot_create_description_DIR" to a directory
[0.923s]   containing one of the above files.  If "irobot_create_description" provides
[0.928s]   a separate development package or SDK, be sure it has been installed.
[0.928s] 
[0.928s] [0m
[1.020s] Invoked command in '/home/ngalacan/turtlebot4_ws/build/turtlebot4_description' returned '1': CMAKE_PREFIX_PATH=/opt/ros/humble /usr/bin/cmake /home/ngalacan/turtlebot4_ws/src/turtlebot4/turtlebot4_description -DAMENT_CMAKE_SYMLINK_INSTALL=1 -DCMAKE_INSTALL_PREFIX=/home/ngalacan/turtlebot4_ws/install/turtlebot4_description
