[0.102s] Invoking command in '/home/ngalacan/turtlebot4_ws/build/turtlebot4_description': CMAKE_PREFIX_PATH=/opt/ros/humble /usr/bin/cmake /home/ngalacan/turtlebot4_ws/src/turtlebot4/turtlebot4_description -DAMENT_CMAKE_SYMLINK_INSTALL=1 -DCMAKE_INSTALL_PREFIX=/home/ngalacan/turtlebot4_ws/install/turtlebot4_description
[0.185s] -- Found ament_cmake: 1.3.10 (/opt/ros/humble/share/ament_cmake/cmake)
[0.623s] -- Override CMake install command with custom implementation using symlinks instead of copying resources
[0.638s] -- Found urdf: 2.6.1 (/opt/ros/humble/share/urdf/cmake)
[0.764s] -- Found irobot_create_description: 2.1.0 (/opt/ros/humble/share/irobot_create_description/cmake)
[0.764s] -- Found ament_lint_auto: 0.12.11 (/opt/ros/humble/share/ament_lint_auto/cmake)
[1.188s] -- Added test 'copyright' to check source files copyright and LICENSE
[1.188s] -- Added test 'flake8' to check Python code syntax and style conventions
[1.189s] -- Added test 'lint_cmake' to check CMake code style
[1.190s] -- Added test 'pep257' to check Python code against some of the docstring style conventions in PEP 257
[1.199s] -- Added test 'xmllint' to check XML markup files
[1.199s] -- Configuring done
[1.199s] -- Generating done
[1.199s] -- Build files have been written to: /home/ngalacan/turtlebot4_ws/build/turtlebot4_description
[1.228s] Invoked command in '/home/ngalacan/turtlebot4_ws/build/turtlebot4_description' returned '0': CMAKE_PREFIX_PATH=/opt/ros/humble /usr/bin/cmake /home/ngalacan/turtlebot4_ws/src/turtlebot4/turtlebot4_description -DAMENT_CMAKE_SYMLINK_INSTALL=1 -DCMAKE_INSTALL_PREFIX=/home/ngalacan/turtlebot4_ws/install/turtlebot4_description
[1.234s] Invoking command in '/home/ngalacan/turtlebot4_ws/build/turtlebot4_description': CMAKE_PREFIX_PATH=/opt/ros/humble /usr/bin/cmake --build /home/ngalacan/turtlebot4_ws/build/turtlebot4_description -- -j4 -l4
[1.416s] Invoked command in '/home/ngalacan/turtlebot4_ws/build/turtlebot4_description' returned '0': CMAKE_PREFIX_PATH=/opt/ros/humble /usr/bin/cmake --build /home/ngalacan/turtlebot4_ws/build/turtlebot4_description -- -j4 -l4
[1.571s] Invoking command in '/home/ngalacan/turtlebot4_ws/build/turtlebot4_description': CMAKE_PREFIX_PATH=/opt/ros/humble /usr/bin/cmake --install /home/ngalacan/turtlebot4_ws/build/turtlebot4_description
[1.620s] -- Install configuration: ""
[1.621s] -- Execute custom install script
[1.622s] -- Symlinking: /home/ngalacan/turtlebot4_ws/install/turtlebot4_description/share/turtlebot4_description/launch/robot_description.launch.py
[1.644s] -- Symlinking: /home/ngalacan/turtlebot4_ws/install/turtlebot4_description/share/turtlebot4_description/meshes/camera_bracket.dae
[1.659s] -- Symlinking: /home/ngalacan/turtlebot4_ws/install/turtlebot4_description/share/turtlebot4_description/meshes/oakd_lite.dae
[1.691s] -- Symlinking: /home/ngalacan/turtlebot4_ws/install/turtlebot4_description/share/turtlebot4_description/meshes/oakd_pro.dae
[1.782s] -- Symlinking: /home/ngalacan/turtlebot4_ws/install/turtlebot4_description/share/turtlebot4_description/meshes/rplidar.dae
[1.834s] -- Symlinking: /home/ngalacan/turtlebot4_ws/install/turtlebot4_description/share/turtlebot4_description/meshes/shell.dae
[1.877s] -- Symlinking: /home/ngalacan/turtlebot4_ws/install/turtlebot4_description/share/turtlebot4_description/meshes/shell_collision.dae
[1.950s] -- Symlinking: /home/ngalacan/turtlebot4_ws/install/turtlebot4_description/share/turtlebot4_description/meshes/tower.dae
[2.013s] -- Symlinking: /home/ngalacan/turtlebot4_ws/install/turtlebot4_description/share/turtlebot4_description/meshes/tower_sensor_plate.dae
[2.058s] -- Symlinking: /home/ngalacan/turtlebot4_ws/install/turtlebot4_description/share/turtlebot4_description/meshes/tower_standoff.dae
[2.145s] -- Symlinking: /home/ngalacan/turtlebot4_ws/install/turtlebot4_description/share/turtlebot4_description/meshes/weight_block.dae
[2.239s] -- Symlinking: /home/ngalacan/turtlebot4_ws/install/turtlebot4_description/share/turtlebot4_description/urdf/lite/turtlebot4.urdf.xacro
[2.353s] -- Symlinking: /home/ngalacan/turtlebot4_ws/install/turtlebot4_description/share/turtlebot4_description/urdf/sensors/camera_bracket.urdf.xacro
[2.494s] -- Symlinking: /home/ngalacan/turtlebot4_ws/install/turtlebot4_description/share/turtlebot4_description/urdf/sensors/oakd.urdf.xacro
[2.512s] -- Symlinking: /home/ngalacan/turtlebot4_ws/install/turtlebot4_description/share/turtlebot4_description/urdf/sensors/rplidar.urdf.xacro
[2.596s] -- Symlinking: /home/ngalacan/turtlebot4_ws/install/turtlebot4_description/share/turtlebot4_description/urdf/standard/tower_sensor_plate.urdf.xacro
[2.615s] -- Symlinking: /home/ngalacan/turtlebot4_ws/install/turtlebot4_description/share/turtlebot4_description/urdf/standard/tower_standoff.urdf.xacro
[2.625s] -- Symlinking: /home/ngalacan/turtlebot4_ws/install/turtlebot4_description/share/turtlebot4_description/urdf/standard/turtlebot4.urdf.xacro
[2.718s] -- Symlinking: /home/ngalacan/turtlebot4_ws/install/turtlebot4_description/share/turtlebot4_description/urdf/standard/weight_block.urdf.xacro
[2.765s] -- Symlinking: /home/ngalacan/turtlebot4_ws/install/turtlebot4_description/share/ament_index/resource_index/package_run_dependencies/turtlebot4_description
[2.874s] -- Symlinking: /home/ngalacan/turtlebot4_ws/install/turtlebot4_description/share/ament_index/resource_index/parent_prefix_path/turtlebot4_description
[2.907s] -- Symlinking: /home/ngalacan/turtlebot4_ws/install/turtlebot4_description/share/turtlebot4_description/environment/ament_prefix_path.sh
[2.975s] -- Symlinking: /home/ngalacan/turtlebot4_ws/install/turtlebot4_description/share/turtlebot4_description/environment/ament_prefix_path.dsv
[3.013s] -- Symlinking: /home/ngalacan/turtlebot4_ws/install/turtlebot4_description/share/turtlebot4_description/environment/path.sh
[3.051s] -- Symlinking: /home/ngalacan/turtlebot4_ws/install/turtlebot4_description/share/turtlebot4_description/environment/path.dsv
[3.147s] -- Symlinking: /home/ngalacan/turtlebot4_ws/install/turtlebot4_description/share/turtlebot4_description/local_setup.bash
[3.238s] -- Symlinking: /home/ngalacan/turtlebot4_ws/install/turtlebot4_description/share/turtlebot4_description/local_setup.sh
[3.301s] -- Symlinking: /home/ngalacan/turtlebot4_ws/install/turtlebot4_description/share/turtlebot4_description/local_setup.zsh
[3.323s] -- Symlinking: /home/ngalacan/turtlebot4_ws/install/turtlebot4_description/share/turtlebot4_description/local_setup.dsv
[3.422s] -- Symlinking: /home/ngalacan/turtlebot4_ws/install/turtlebot4_description/share/turtlebot4_description/package.dsv
[3.444s] -- Symlinking: /home/ngalacan/turtlebot4_ws/install/turtlebot4_description/share/ament_index/resource_index/packages/turtlebot4_description
[3.504s] -- Symlinking: /home/ngalacan/turtlebot4_ws/install/turtlebot4_description/share/turtlebot4_description/cmake/turtlebot4_descriptionConfig.cmake
[3.641s] -- Symlinking: /home/ngalacan/turtlebot4_ws/install/turtlebot4_description/share/turtlebot4_description/cmake/turtlebot4_descriptionConfig-version.cmake
[3.713s] -- Symlinking: /home/ngalacan/turtlebot4_ws/install/turtlebot4_description/share/turtlebot4_description/package.xml
[3.809s] Invoked command in '/home/ngalacan/turtlebot4_ws/build/turtlebot4_description' returned '0': CMAKE_PREFIX_PATH=/opt/ros/humble /usr/bin/cmake --install /home/ngalacan/turtlebot4_ws/build/turtlebot4_description
