[0.200s] Invoking command in '/home/ngalacan/turtlebot4_ws/build/turtlebot4_msgs': CMAKE_PREFIX_PATH=/opt/ros/humble /usr/bin/cmake /home/ngalacan/turtlebot4_ws/src/turtlebot4/turtlebot4_msgs -DAMENT_CMAKE_SYMLINK_INSTALL=1 -DCMAKE_INSTALL_PREFIX=/home/ngalacan/turtlebot4_ws/install/turtlebot4_msgs
[1.295s] -- The C compiler identification is GNU 11.4.0
[2.392s] -- The CXX compiler identification is GNU 11.4.0
[2.483s] -- Detecting C compiler ABI info
[3.125s] -- Detecting C compiler ABI info - done
[3.175s] -- Check for working C compiler: /usr/bin/cc - skipped
[3.175s] -- Detecting C compile features
[3.175s] -- Detecting C compile features - done
[3.196s] -- Detecting CXX compiler ABI info
[3.611s] -- Detecting CXX compiler ABI info - done
[3.648s] -- Check for working CXX compiler: /usr/bin/c++ - skipped
[3.648s] -- Detecting CXX compile features
[3.649s] -- Detecting CXX compile features - done
[3.675s] -- Found ament_cmake: 1.3.10 (/opt/ros/humble/share/ament_cmake/cmake)
[4.672s] -- Found Python3: /usr/bin/python3 (found version "3.10.12") found components: Interpreter 
[4.768s] -- Override CMake install command with custom implementation using symlinks instead of copying resources
[5.118s] -- Found ament_lint_auto: 0.12.11 (/opt/ros/humble/share/ament_lint_auto/cmake)
[5.640s] -- Found rosidl_default_generators: 1.2.0 (/opt/ros/humble/share/rosidl_default_generators/cmake)
[5.700s] -- Using all available rosidl_typesupport_c: rosidl_typesupport_fastrtps_c;rosidl_typesupport_introspection_c
[5.831s] -- Found rosidl_adapter: 3.1.5 (/opt/ros/humble/share/rosidl_adapter/cmake)
[6.181s] -- Using all available rosidl_typesupport_cpp: rosidl_typesupport_fastrtps_cpp;rosidl_typesupport_introspection_cpp
[6.540s] -- Found std_msgs: 4.2.4 (/opt/ros/humble/share/std_msgs/cmake)
[7.421s] -- Found ament_cmake_ros: 0.10.0 (/opt/ros/humble/share/ament_cmake_ros/cmake)
[8.194s] -- Using all available rosidl_typesupport_c: rosidl_typesupport_fastrtps_c;rosidl_typesupport_introspection_c
[8.920s] -- Using all available rosidl_typesupport_cpp: rosidl_typesupport_fastrtps_cpp;rosidl_typesupport_introspection_cpp
[9.055s] -- Found PythonInterp: /usr/bin/python3 (found suitable version "3.10.12", minimum required is "3.6") 
[9.068s] -- Found python_cmake_module: 0.10.0 (/opt/ros/humble/share/python_cmake_module/cmake)
[9.193s] -- Found PythonLibs: /usr/lib/x86_64-linux-gnu/libpython3.10.so (found suitable version "3.10.12", minimum required is "3.5") 
[9.193s] -- Using PYTHON_EXECUTABLE: /usr/bin/python3
[9.193s] -- Using PYTHON_INCLUDE_DIRS: /usr/include/python3.10
[9.193s] -- Using PYTHON_LIBRARIES: /usr/lib/x86_64-linux-gnu/libpython3.10.so
[9.273s] -- Found PythonExtra: .so  
[9.349s] -- Added test 'copyright' to check source files copyright and LICENSE
[9.384s] -- Added test 'lint_cmake' to check CMake code style
[9.405s] -- Added test 'xmllint' to check XML markup files
[9.422s] -- Configuring done
[9.515s] -- Generating done
[9.516s] -- Build files have been written to: /home/ngalacan/turtlebot4_ws/build/turtlebot4_msgs
