[0.195s] Invoking command in '/home/ngalacan/turtlebot4_ws/build/turtlebot4_navigation': CMAKE_PREFIX_PATH=/opt/ros/humble /usr/bin/cmake /home/ngalacan/turtlebot4_ws/src/turtlebot4/turtlebot4_navigation -DAMENT_CMAKE_SYMLINK_INSTALL=1 -DCMAKE_INSTALL_PREFIX=/home/ngalacan/turtlebot4_ws/install/turtlebot4_navigation
[1.117s] -- The C compiler identification is GNU 11.4.0
[2.108s] -- The CXX compiler identification is GNU 11.4.0
[2.267s] -- Detecting C compiler ABI info
[2.916s] -- Detecting C compiler ABI info - done
[2.940s] -- Check for working C compiler: /usr/bin/cc - skipped
[2.946s] -- Detecting C compile features
[2.948s] -- Detecting C compile features - done
[2.997s] -- Detecting CXX compiler ABI info
[3.432s] -- Detecting CXX compiler ABI info - done
[3.447s] -- Check for working CXX compiler: /usr/bin/c++ - skipped
[3.447s] -- Detecting CXX compile features
[3.447s] -- Detecting CXX compile features - done
[3.543s] -- Found ament_cmake: 1.3.10 (/opt/ros/humble/share/ament_cmake/cmake)
[4.396s] -- Found Python3: /usr/bin/python3 (found version "3.10.12") found components: Interpreter 
[4.586s] -- Override CMake install command with custom implementation using symlinks instead of copying resources
[5.293s] -- Found ament_lint_auto: 0.12.11 (/opt/ros/humble/share/ament_lint_auto/cmake)
[5.820s] -- Added test 'copyright' to check source files copyright and LICENSE
[5.823s] -- Added test 'flake8' to check Python code syntax and style conventions
[5.827s] -- Added test 'lint_cmake' to check CMake code style
[5.827s] -- Added test 'pep257' to check Python code against some of the docstring style conventions in PEP 257
[5.831s] -- Added test 'xmllint' to check XML markup files
[5.844s] -- Configuring done
[5.852s] -- Generating done
[5.855s] -- Build files have been written to: /home/ngalacan/turtlebot4_ws/build/turtlebot4_navigation
