[0.028s] Invoking command in '/home/ngalacan/turtlebot4_ws/build/turtlebot4_node': AMENT_PREFIX_PATH=/home/ngalacan/turtlebot4_ws/install/turtlebot4_msgs:${AMENT_PREFIX_PATH} CMAKE_PREFIX_PATH=/home/ngalacan/turtlebot4_ws/install/turtlebot4_msgs:/opt/ros/humble LD_LIBRARY_PATH=/home/ngalacan/turtlebot4_ws/install/turtlebot4_msgs/lib:${LD_LIBRARY_PATH} PYTHONPATH=/home/ngalacan/turtlebot4_ws/install/turtlebot4_msgs/local/lib/python3.10/dist-packages:${PYTHONPATH} /usr/bin/cmake /home/ngalacan/turtlebot4_ws/src/turtlebot4/turtlebot4_node -DAMENT_CMAKE_SYMLINK_INSTALL=1 -DCMAKE_INSTALL_PREFIX=/home/ngalacan/turtlebot4_ws/install/turtlebot4_node
[0.314s] -- The C compiler identification is GNU 11.4.0
[0.546s] -- The CXX compiler identification is GNU 11.4.0
[0.564s] -- Detecting C compiler ABI info
[0.947s] -- Detecting C compiler ABI info - done
[0.960s] -- Check for working C compiler: /usr/bin/cc - skipped
[0.961s] -- Detecting C compile features
[0.961s] -- Detecting C compile features - done
[0.966s] -- Detecting CXX compiler ABI info
[1.398s] -- Detecting CXX compiler ABI info - done
[1.412s] -- Check for working CXX compiler: /usr/bin/c++ - skipped
[1.417s] -- Detecting CXX compile features
[1.417s] -- Detecting CXX compile features - done
[1.421s] -- Found ament_cmake: 1.3.10 (/opt/ros/humble/share/ament_cmake/cmake)
[1.915s] -- Found Python3: /usr/bin/python3 (found version "3.10.12") found components: Interpreter 
[2.124s] -- Override CMake install command with custom implementation using symlinks instead of copying resources
[2.174s] -- Found rclcpp: 16.0.10 (/opt/ros/humble/share/rclcpp/cmake)
[2.302s] -- Found rosidl_generator_c: 3.1.5 (/opt/ros/humble/share/rosidl_generator_c/cmake)
[2.332s] -- Found rosidl_adapter: 3.1.5 (/opt/ros/humble/share/rosidl_adapter/cmake)
[2.338s] -- Found rosidl_generator_cpp: 3.1.5 (/opt/ros/humble/share/rosidl_generator_cpp/cmake)
[2.364s] -- Using all available rosidl_typesupport_c: rosidl_typesupport_fastrtps_c;rosidl_typesupport_introspection_c
[2.411s] -- Using all available rosidl_typesupport_cpp: rosidl_typesupport_fastrtps_cpp;rosidl_typesupport_introspection_cpp
[2.638s] -- Found rmw_implementation_cmake: 6.1.2 (/opt/ros/humble/share/rmw_implementation_cmake/cmake)
[2.651s] -- Found rmw_fastrtps_cpp: 6.2.7 (/opt/ros/humble/share/rmw_fastrtps_cpp/cmake)
[3.352s] -- Found OpenSSL: /usr/lib/x86_64-linux-gnu/libcrypto.so (found version "3.0.2")  
[3.448s] -- Found FastRTPS: /opt/ros/humble/include  
[3.559s] -- Using RMW implementation 'rmw_fastrtps_cpp' as default
[3.642s] -- Looking for pthread.h
[4.023s] -- Looking for pthread.h - found
[4.023s] -- Performing Test CMAKE_HAVE_LIBC_PTHREAD
[4.318s] -- Performing Test CMAKE_HAVE_LIBC_PTHREAD - Success
[4.335s] -- Found Threads: TRUE  
[4.837s] -- Found rclcpp_action: 16.0.10 (/opt/ros/humble/share/rclcpp_action/cmake)
[5.075s] -- Found std_srvs: 4.2.4 (/opt/ros/humble/share/std_srvs/cmake)
[5.104s] -- Found sensor_msgs: 4.2.4 (/opt/ros/humble/share/sensor_msgs/cmake)
[5.296s] -- Found irobot_create_msgs: 2.1.0 (/opt/ros/humble/share/irobot_create_msgs/cmake)
[5.355s] -- Found turtlebot4_msgs: 1.0.5 (/home/ngalacan/turtlebot4_ws/install/turtlebot4_msgs/share/turtlebot4_msgs/cmake)
[5.378s] -- Found ament_lint_auto: 0.12.11 (/opt/ros/humble/share/ament_lint_auto/cmake)
[5.588s] -- Added test 'cppcheck' to perform static code analysis on C / C++ code
[5.588s] -- Configured cppcheck include dirs: /home/ngalacan/turtlebot4_ws/src/turtlebot4/turtlebot4_node/include
[5.591s] -- Configured cppcheck exclude dirs and/or files: 
[5.591s] -- Added test 'cpplint' to check C / C++ code against the Google style
[5.591s] -- Configured cpplint exclude dirs and/or files: 
[5.592s] -- Added test 'lint_cmake' to check CMake code style
[5.592s] -- Added test 'uncrustify' to check C / C++ code style
[5.592s] -- Configured uncrustify additional arguments: 
[5.592s] -- Added test 'xmllint' to check XML markup files
[5.592s] -- Configuring done
[5.645s] -- Generating done
[5.648s] -- Build files have been written to: /home/ngalacan/turtlebot4_ws/build/turtlebot4_node
[5.730s] Invoked command in '/home/ngalacan/turtlebot4_ws/build/turtlebot4_node' returned '0': AMENT_PREFIX_PATH=/home/ngalacan/turtlebot4_ws/install/turtlebot4_msgs:${AMENT_PREFIX_PATH} CMAKE_PREFIX_PATH=/home/ngalacan/turtlebot4_ws/install/turtlebot4_msgs:/opt/ros/humble LD_LIBRARY_PATH=/home/ngalacan/turtlebot4_ws/install/turtlebot4_msgs/lib:${LD_LIBRARY_PATH} PYTHONPATH=/home/ngalacan/turtlebot4_ws/install/turtlebot4_msgs/local/lib/python3.10/dist-packages:${PYTHONPATH} /usr/bin/cmake /home/ngalacan/turtlebot4_ws/src/turtlebot4/turtlebot4_node -DAMENT_CMAKE_SYMLINK_INSTALL=1 -DCMAKE_INSTALL_PREFIX=/home/ngalacan/turtlebot4_ws/install/turtlebot4_node
[5.731s] Invoking command in '/home/ngalacan/turtlebot4_ws/build/turtlebot4_node': AMENT_PREFIX_PATH=/home/ngalacan/turtlebot4_ws/install/turtlebot4_msgs:${AMENT_PREFIX_PATH} CMAKE_PREFIX_PATH=/home/ngalacan/turtlebot4_ws/install/turtlebot4_msgs:/opt/ros/humble LD_LIBRARY_PATH=/home/ngalacan/turtlebot4_ws/install/turtlebot4_msgs/lib:${LD_LIBRARY_PATH} PYTHONPATH=/home/ngalacan/turtlebot4_ws/install/turtlebot4_msgs/local/lib/python3.10/dist-packages:${PYTHONPATH} /usr/bin/cmake --build /home/ngalacan/turtlebot4_ws/build/turtlebot4_node -- -j4 -l4
[6.089s] [ 12%] [32mBuilding CXX object CMakeFiles/turtlebot4_node_lib.dir/src/main.cpp.o[0m
[24.189s] [ 25%] [32mBuilding CXX object CMakeFiles/turtlebot4_node_lib.dir/src/buttons.cpp.o[0m
[38.248s] [ 37%] [32mBuilding CXX object CMakeFiles/turtlebot4_node_lib.dir/src/leds.cpp.o[0m
[46.804s] [ 50%] [32mBuilding CXX object CMakeFiles/turtlebot4_node_lib.dir/src/display.cpp.o[0m
[63.996s] [ 62%] [32mBuilding CXX object CMakeFiles/turtlebot4_node_lib.dir/src/turtlebot4.cpp.o[0m
[86.509s] [ 75%] [32m[1mLinking CXX static library libturtlebot4_node_lib.a[0m
[88.932s] [ 75%] Built target turtlebot4_node_lib
[89.103s] [ 87%] [32mBuilding CXX object CMakeFiles/turtlebot4_node.dir/src/main.cpp.o[0m
[93.108s] [100%] [32m[1mLinking CXX executable turtlebot4_node[0m
[99.555s] [100%] Built target turtlebot4_node
[99.584s] Invoked command in '/home/ngalacan/turtlebot4_ws/build/turtlebot4_node' returned '0': AMENT_PREFIX_PATH=/home/ngalacan/turtlebot4_ws/install/turtlebot4_msgs:${AMENT_PREFIX_PATH} CMAKE_PREFIX_PATH=/home/ngalacan/turtlebot4_ws/install/turtlebot4_msgs:/opt/ros/humble LD_LIBRARY_PATH=/home/ngalacan/turtlebot4_ws/install/turtlebot4_msgs/lib:${LD_LIBRARY_PATH} PYTHONPATH=/home/ngalacan/turtlebot4_ws/install/turtlebot4_msgs/local/lib/python3.10/dist-packages:${PYTHONPATH} /usr/bin/cmake --build /home/ngalacan/turtlebot4_ws/build/turtlebot4_node -- -j4 -l4
[100.087s] Invoking command in '/home/ngalacan/turtlebot4_ws/build/turtlebot4_node': AMENT_PREFIX_PATH=/home/ngalacan/turtlebot4_ws/install/turtlebot4_msgs:${AMENT_PREFIX_PATH} CMAKE_PREFIX_PATH=/home/ngalacan/turtlebot4_ws/install/turtlebot4_msgs:/opt/ros/humble LD_LIBRARY_PATH=/home/ngalacan/turtlebot4_ws/install/turtlebot4_msgs/lib:${LD_LIBRARY_PATH} PYTHONPATH=/home/ngalacan/turtlebot4_ws/install/turtlebot4_msgs/local/lib/python3.10/dist-packages:${PYTHONPATH} /usr/bin/cmake --install /home/ngalacan/turtlebot4_ws/build/turtlebot4_node
[100.100s] -- Install configuration: ""
[100.105s] -- Execute custom install script
[100.105s] -- Symlinking: /home/ngalacan/turtlebot4_ws/install/turtlebot4_node/lib/turtlebot4_node/turtlebot4_node
[100.125s] -- Symlinking: /home/ngalacan/turtlebot4_ws/install/turtlebot4_node/include/turtlebot4_node/action.hpp
[100.182s] -- Symlinking: /home/ngalacan/turtlebot4_ws/install/turtlebot4_node/include/turtlebot4_node/buttons.hpp
[100.193s] -- Symlinking: /home/ngalacan/turtlebot4_ws/install/turtlebot4_node/include/turtlebot4_node/display.hpp
[100.211s] -- Symlinking: /home/ngalacan/turtlebot4_ws/install/turtlebot4_node/include/turtlebot4_node/leds.hpp
[100.224s] -- Symlinking: /home/ngalacan/turtlebot4_ws/install/turtlebot4_node/include/turtlebot4_node/service.hpp
[100.242s] -- Symlinking: /home/ngalacan/turtlebot4_ws/install/turtlebot4_node/include/turtlebot4_node/turtlebot4.hpp
[100.282s] -- Symlinking: /home/ngalacan/turtlebot4_ws/install/turtlebot4_node/include/turtlebot4_node/utils.hpp
[100.353s] -- Symlinking: /home/ngalacan/turtlebot4_ws/install/turtlebot4_node/share/ament_index/resource_index/package_run_dependencies/turtlebot4_node
[100.432s] -- Symlinking: /home/ngalacan/turtlebot4_ws/install/turtlebot4_node/share/ament_index/resource_index/parent_prefix_path/turtlebot4_node
[100.457s] -- Symlinking: /home/ngalacan/turtlebot4_ws/install/turtlebot4_node/share/turtlebot4_node/environment/ament_prefix_path.sh
[100.498s] -- Symlinking: /home/ngalacan/turtlebot4_ws/install/turtlebot4_node/share/turtlebot4_node/environment/ament_prefix_path.dsv
[100.524s] -- Symlinking: /home/ngalacan/turtlebot4_ws/install/turtlebot4_node/share/turtlebot4_node/environment/path.sh
[100.527s] -- Symlinking: /home/ngalacan/turtlebot4_ws/install/turtlebot4_node/share/turtlebot4_node/environment/path.dsv
[100.553s] -- Symlinking: /home/ngalacan/turtlebot4_ws/install/turtlebot4_node/share/turtlebot4_node/local_setup.bash
[100.602s] -- Symlinking: /home/ngalacan/turtlebot4_ws/install/turtlebot4_node/share/turtlebot4_node/local_setup.sh
[100.625s] -- Symlinking: /home/ngalacan/turtlebot4_ws/install/turtlebot4_node/share/turtlebot4_node/local_setup.zsh
[100.640s] -- Symlinking: /home/ngalacan/turtlebot4_ws/install/turtlebot4_node/share/turtlebot4_node/local_setup.dsv
[100.659s] -- Symlinking: /home/ngalacan/turtlebot4_ws/install/turtlebot4_node/share/turtlebot4_node/package.dsv
[100.701s] -- Symlinking: /home/ngalacan/turtlebot4_ws/install/turtlebot4_node/share/ament_index/resource_index/packages/turtlebot4_node
[100.729s] -- Symlinking: /home/ngalacan/turtlebot4_ws/install/turtlebot4_node/share/turtlebot4_node/cmake/ament_cmake_export_include_directories-extras.cmake
[100.785s] -- Symlinking: /home/ngalacan/turtlebot4_ws/install/turtlebot4_node/share/turtlebot4_node/cmake/turtlebot4_nodeConfig.cmake
[100.835s] -- Symlinking: /home/ngalacan/turtlebot4_ws/install/turtlebot4_node/share/turtlebot4_node/cmake/turtlebot4_nodeConfig-version.cmake
[100.863s] -- Symlinking: /home/ngalacan/turtlebot4_ws/install/turtlebot4_node/share/turtlebot4_node/package.xml
[100.900s] Invoked command in '/home/ngalacan/turtlebot4_ws/build/turtlebot4_node' returned '0': AMENT_PREFIX_PATH=/home/ngalacan/turtlebot4_ws/install/turtlebot4_msgs:${AMENT_PREFIX_PATH} CMAKE_PREFIX_PATH=/home/ngalacan/turtlebot4_ws/install/turtlebot4_msgs:/opt/ros/humble LD_LIBRARY_PATH=/home/ngalacan/turtlebot4_ws/install/turtlebot4_msgs/lib:${LD_LIBRARY_PATH} PYTHONPATH=/home/ngalacan/turtlebot4_ws/install/turtlebot4_msgs/local/lib/python3.10/dist-packages:${PYTHONPATH} /usr/bin/cmake --install /home/ngalacan/turtlebot4_ws/build/turtlebot4_node
