Built target ament_cmake_python_symlink_turtlebot4_navigation
running egg_info
writing turtlebot4_navigation.egg-info/PKG-INFO
writing dependency_links to turtlebot4_navigation.egg-info/dependency_links.txt
writing top-level names to turtlebot4_navigation.egg-info/top_level.txt
reading manifest file 'turtlebot4_navigation.egg-info/SOURCES.txt'
writing manifest file 'turtlebot4_navigation.egg-info/SOURCES.txt'
Built target ament_cmake_python_build_turtlebot4_navigation_egg
-- Install configuration: ""
-- Execute custom install script
-- Symlinking: /home/ngalacan/turtlebot4_ws/install/turtlebot4_navigation/share/turtlebot4_navigation/config/localization.yaml
-- Symlinking: /home/ngalacan/turtlebot4_ws/install/turtlebot4_navigation/share/turtlebot4_navigation/config/nav2.yaml
-- Symlinking: /home/ngalacan/turtlebot4_ws/install/turtlebot4_navigation/share/turtlebot4_navigation/config/slam.yaml
-- Symlinking: /home/ngalacan/turtlebot4_ws/install/turtlebot4_navigation/share/turtlebot4_navigation/launch/localization.launch.py
-- Symlinking: /home/ngalacan/turtlebot4_ws/install/turtlebot4_navigation/share/turtlebot4_navigation/launch/nav2.launch.py
-- Symlinking: /home/ngalacan/turtlebot4_ws/install/turtlebot4_navigation/share/turtlebot4_navigation/launch/slam.launch.py
-- Symlinking: /home/ngalacan/turtlebot4_ws/install/turtlebot4_navigation/share/turtlebot4_navigation/maps/depot.pgm
-- Symlinking: /home/ngalacan/turtlebot4_ws/install/turtlebot4_navigation/share/turtlebot4_navigation/maps/depot.yaml
-- Symlinking: /home/ngalacan/turtlebot4_ws/install/turtlebot4_navigation/share/turtlebot4_navigation/maps/maze.pgm
-- Symlinking: /home/ngalacan/turtlebot4_ws/install/turtlebot4_navigation/share/turtlebot4_navigation/maps/maze.yaml
-- Symlinking: /home/ngalacan/turtlebot4_ws/install/turtlebot4_navigation/share/turtlebot4_navigation/maps/warehouse.pgm
-- Symlinking: /home/ngalacan/turtlebot4_ws/install/turtlebot4_navigation/share/turtlebot4_navigation/maps/warehouse.yaml
-- Symlinking: /home/ngalacan/turtlebot4_ws/install/turtlebot4_navigation/share/turtlebot4_navigation/environment/pythonpath.sh
-- Symlinking: /home/ngalacan/turtlebot4_ws/install/turtlebot4_navigation/share/turtlebot4_navigation/environment/pythonpath.dsv
-- Symlinking: /home/ngalacan/turtlebot4_ws/install/turtlebot4_navigation/local/lib/python3.10/dist-packages/turtlebot4_navigation-1.0.5-py3.10.egg-info/PKG-INFO
-- Symlinking: /home/ngalacan/turtlebot4_ws/install/turtlebot4_navigation/local/lib/python3.10/dist-packages/turtlebot4_navigation-1.0.5-py3.10.egg-info/SOURCES.txt
-- Symlinking: /home/ngalacan/turtlebot4_ws/install/turtlebot4_navigation/local/lib/python3.10/dist-packages/turtlebot4_navigation-1.0.5-py3.10.egg-info/dependency_links.txt
-- Symlinking: /home/ngalacan/turtlebot4_ws/install/turtlebot4_navigation/local/lib/python3.10/dist-packages/turtlebot4_navigation-1.0.5-py3.10.egg-info/top_level.txt
-- Symlinking: /home/ngalacan/turtlebot4_ws/install/turtlebot4_navigation/local/lib/python3.10/dist-packages/turtlebot4_navigation/__init__.py
-- Symlinking: /home/ngalacan/turtlebot4_ws/install/turtlebot4_navigation/local/lib/python3.10/dist-packages/turtlebot4_navigation/turtlebot4_navigator.py
-- Symlinking: /home/ngalacan/turtlebot4_ws/install/turtlebot4_navigation/local/lib/python3.10/dist-packages/turtlebot4_navigator.py
-- Symlinking: /home/ngalacan/turtlebot4_ws/install/turtlebot4_navigation/share/ament_index/resource_index/package_run_dependencies/turtlebot4_navigation
-- Symlinking: /home/ngalacan/turtlebot4_ws/install/turtlebot4_navigation/share/ament_index/resource_index/parent_prefix_path/turtlebot4_navigation
-- Symlinking: /home/ngalacan/turtlebot4_ws/install/turtlebot4_navigation/share/turtlebot4_navigation/environment/ament_prefix_path.sh
-- Symlinking: /home/ngalacan/turtlebot4_ws/install/turtlebot4_navigation/share/turtlebot4_navigation/environment/ament_prefix_path.dsv
-- Symlinking: /home/ngalacan/turtlebot4_ws/install/turtlebot4_navigation/share/turtlebot4_navigation/environment/path.sh
-- Symlinking: /home/ngalacan/turtlebot4_ws/install/turtlebot4_navigation/share/turtlebot4_navigation/environment/path.dsv
-- Symlinking: /home/ngalacan/turtlebot4_ws/install/turtlebot4_navigation/share/turtlebot4_navigation/local_setup.bash
-- Symlinking: /home/ngalacan/turtlebot4_ws/install/turtlebot4_navigation/share/turtlebot4_navigation/local_setup.sh
-- Symlinking: /home/ngalacan/turtlebot4_ws/install/turtlebot4_navigation/share/turtlebot4_navigation/local_setup.zsh
-- Symlinking: /home/ngalacan/turtlebot4_ws/install/turtlebot4_navigation/share/turtlebot4_navigation/local_setup.dsv
-- Symlinking: /home/ngalacan/turtlebot4_ws/install/turtlebot4_navigation/share/turtlebot4_navigation/package.dsv
-- Symlinking: /home/ngalacan/turtlebot4_ws/install/turtlebot4_navigation/share/ament_index/resource_index/packages/turtlebot4_navigation
-- Symlinking: /home/ngalacan/turtlebot4_ws/install/turtlebot4_navigation/share/turtlebot4_navigation/cmake/turtlebot4_navigationConfig.cmake
-- Symlinking: /home/ngalacan/turtlebot4_ws/install/turtlebot4_navigation/share/turtlebot4_navigation/cmake/turtlebot4_navigationConfig-version.cmake
-- Symlinking: /home/ngalacan/turtlebot4_ws/install/turtlebot4_navigation/share/turtlebot4_navigation/package.xml
Listing '/home/ngalacan/turtlebot4_ws/install/turtlebot4_navigation/local/lib/python3.10/dist-packages/turtlebot4_navigation'...
Compiling '/home/ngalacan/turtlebot4_ws/install/turtlebot4_navigation/local/lib/python3.10/dist-packages/turtlebot4_navigation/__init__.py'...
Compiling '/home/ngalacan/turtlebot4_ws/install/turtlebot4_navigation/local/lib/python3.10/dist-packages/turtlebot4_navigation/turtlebot4_navigator.py'...
Compiling '/home/ngalacan/turtlebot4_ws/install/turtlebot4_navigation/local/lib/python3.10/dist-packages/turtlebot4_navigator.py'...
